<?xml version="1.0" encoding="UTF-8"?>
<testsuite xmlns:xsi="http://www.w3.org/2001/XMLSchema-instance" xsi:noNamespaceSchemaLocation="https://maven.apache.org/surefire/maven-surefire-plugin/xsd/surefire-test-report.xsd" name="DAL.ProduitDAOTest" time="0.42" tests="1" errors="0" skipped="0" failures="1">
  <properties>
    <property name="sun.desktop" value="windows"/>
    <property name="awt.toolkit" value="sun.awt.windows.WToolkit"/>
    <property name="java.specification.version" value="11"/>
    <property name="sun.cpu.isalist" value="amd64"/>
    <property name="sun.jnu.encoding" value="Cp1252"/>
    <property name="java.class.path" value="C:\Users\80010-04-09\Documents\NetBeansProjects\Village_Green\target\test-classes;C:\Users\80010-04-09\Documents\NetBeansProjects\Village_Green\target\classes;C:\Users\80010-04-09\.m2\repository\org\openjfx\javafx-controls\11\javafx-controls-11.jar;C:\Users\80010-04-09\.m2\repository\org\openjfx\javafx-controls\11\javafx-controls-11-win.jar;C:\Users\80010-04-09\.m2\repository\org\openjfx\javafx-graphics\11\javafx-graphics-11.jar;C:\Users\80010-04-09\.m2\repository\org\openjfx\javafx-graphics\11\javafx-graphics-11-win.jar;C:\Users\80010-04-09\.m2\repository\org\openjfx\javafx-base\11\javafx-base-11.jar;C:\Users\80010-04-09\.m2\repository\org\openjfx\javafx-base\11\javafx-base-11-win.jar;C:\Users\80010-04-09\.m2\repository\org\openjfx\javafx-fxml\11\javafx-fxml-11.jar;C:\Users\80010-04-09\.m2\repository\org\openjfx\javafx-fxml\11\javafx-fxml-11-win.jar;C:\Users\80010-04-09\.m2\repository\mysql\mysql-connector-java\8.0.18\mysql-connector-java-8.0.18.jar;C:\Users\80010-04-09\.m2\repository\com\google\protobuf\protobuf-java\3.6.1\protobuf-java-3.6.1.jar;C:\Users\80010-04-09\.m2\repository\org\junit\jupiter\junit-jupiter-api\5.3.1\junit-jupiter-api-5.3.1.jar;C:\Users\80010-04-09\.m2\repository\org\apiguardian\apiguardian-api\1.0.0\apiguardian-api-1.0.0.jar;C:\Users\80010-04-09\.m2\repository\org\opentest4j\opentest4j\1.1.1\opentest4j-1.1.1.jar;C:\Users\80010-04-09\.m2\repository\org\junit\platform\junit-platform-commons\1.3.1\junit-platform-commons-1.3.1.jar;C:\Users\80010-04-09\.m2\repository\org\junit\jupiter\junit-jupiter-params\5.3.1\junit-jupiter-params-5.3.1.jar;C:\Users\80010-04-09\.m2\repository\org\junit\jupiter\junit-jupiter-engine\5.3.1\junit-jupiter-engine-5.3.1.jar;C:\Users\80010-04-09\.m2\repository\org\junit\platform\junit-platform-engine\1.3.1\junit-platform-engine-1.3.1.jar;C:\Users\80010-04-09\.m2\repository\org\testng\testng\6.8.1\testng-6.8.1.jar;C:\Users\80010-04-09\.m2\repository\junit\junit\4.10\junit-4.10.jar;C:\Users\80010-04-09\.m2\repository\org\hamcrest\hamcrest-core\1.1\hamcrest-core-1.1.jar;C:\Users\80010-04-09\.m2\repository\org\beanshell\bsh\2.0b4\bsh-2.0b4.jar;C:\Users\80010-04-09\.m2\repository\com\beust\jcommander\1.27\jcommander-1.27.jar;C:\Users\80010-04-09\.m2\repository\org\yaml\snakeyaml\1.6\snakeyaml-1.6.jar;C:\Users\80010-04-09\.m2\repository\com\fasterxml\jackson\core\jackson-databind\2.9.8\jackson-databind-2.9.8.jar;C:\Users\80010-04-09\.m2\repository\com\fasterxml\jackson\core\jackson-annotations\2.9.0\jackson-annotations-2.9.0.jar;C:\Users\80010-04-09\.m2\repository\com\fasterxml\jackson\core\jackson-core\2.9.8\jackson-core-2.9.8.jar;C:\Users\80010-04-09\.m2\repository\com\google\code\gson\gson\2.6.2\gson-2.6.2.jar;"/>
    <property name="java.vm.vendor" value="AdoptOpenJDK"/>
    <property name="sun.arch.data.model" value="64"/>
    <property name="user.variant" value=""/>
    <property name="java.vendor.url" value="https://adoptopenjdk.net/"/>
    <property name="user.timezone" value="Europe/Paris"/>
    <property name="java.vm.specification.version" value="11"/>
    <property name="os.name" value="Windows 10"/>
    <property name="user.country" value="FR"/>
    <property name="sun.java.launcher" value="SUN_STANDARD"/>
    <property name="sun.boot.library.path" value="C:\Program Files\AdoptOpenJDK\jdk-11.0.6.10-hotspot\bin"/>
    <property name="sun.java.command" value="C:\Users\80010-~1\AppData\Local\Temp\surefire16057101341494626491\surefirebooter9121397268653997645.jar C:\Users\80010-04-09\AppData\Local\Temp\surefire16057101341494626491 2020-03-03T13-05-52_827-jvmRun1 surefire15775314929191508227tmp surefire_06098299432262761042tmp"/>
    <property name="jdk.debug" value="release"/>
    <property name="test" value="DAL.ProduitDAOTest"/>
    <property name="surefire.test.class.path" value="C:\Users\80010-04-09\Documents\NetBeansProjects\Village_Green\target\test-classes;C:\Users\80010-04-09\Documents\NetBeansProjects\Village_Green\target\classes;C:\Users\80010-04-09\.m2\repository\org\openjfx\javafx-controls\11\javafx-controls-11.jar;C:\Users\80010-04-09\.m2\repository\org\openjfx\javafx-controls\11\javafx-controls-11-win.jar;C:\Users\80010-04-09\.m2\repository\org\openjfx\javafx-graphics\11\javafx-graphics-11.jar;C:\Users\80010-04-09\.m2\repository\org\openjfx\javafx-graphics\11\javafx-graphics-11-win.jar;C:\Users\80010-04-09\.m2\repository\org\openjfx\javafx-base\11\javafx-base-11.jar;C:\Users\80010-04-09\.m2\repository\org\openjfx\javafx-base\11\javafx-base-11-win.jar;C:\Users\80010-04-09\.m2\repository\org\openjfx\javafx-fxml\11\javafx-fxml-11.jar;C:\Users\80010-04-09\.m2\repository\org\openjfx\javafx-fxml\11\javafx-fxml-11-win.jar;C:\Users\80010-04-09\.m2\repository\mysql\mysql-connector-java\8.0.18\mysql-connector-java-8.0.18.jar;C:\Users\80010-04-09\.m2\repository\com\google\protobuf\protobuf-java\3.6.1\protobuf-java-3.6.1.jar;C:\Users\80010-04-09\.m2\repository\org\junit\jupiter\junit-jupiter-api\5.3.1\junit-jupiter-api-5.3.1.jar;C:\Users\80010-04-09\.m2\repository\org\apiguardian\apiguardian-api\1.0.0\apiguardian-api-1.0.0.jar;C:\Users\80010-04-09\.m2\repository\org\opentest4j\opentest4j\1.1.1\opentest4j-1.1.1.jar;C:\Users\80010-04-09\.m2\repository\org\junit\platform\junit-platform-commons\1.3.1\junit-platform-commons-1.3.1.jar;C:\Users\80010-04-09\.m2\repository\org\junit\jupiter\junit-jupiter-params\5.3.1\junit-jupiter-params-5.3.1.jar;C:\Users\80010-04-09\.m2\repository\org\junit\jupiter\junit-jupiter-engine\5.3.1\junit-jupiter-engine-5.3.1.jar;C:\Users\80010-04-09\.m2\repository\org\junit\platform\junit-platform-engine\1.3.1\junit-platform-engine-1.3.1.jar;C:\Users\80010-04-09\.m2\repository\org\testng\testng\6.8.1\testng-6.8.1.jar;C:\Users\80010-04-09\.m2\repository\junit\junit\4.10\junit-4.10.jar;C:\Users\80010-04-09\.m2\repository\org\hamcrest\hamcrest-core\1.1\hamcrest-core-1.1.jar;C:\Users\80010-04-09\.m2\repository\org\beanshell\bsh\2.0b4\bsh-2.0b4.jar;C:\Users\80010-04-09\.m2\repository\com\beust\jcommander\1.27\jcommander-1.27.jar;C:\Users\80010-04-09\.m2\repository\org\yaml\snakeyaml\1.6\snakeyaml-1.6.jar;C:\Users\80010-04-09\.m2\repository\com\fasterxml\jackson\core\jackson-databind\2.9.8\jackson-databind-2.9.8.jar;C:\Users\80010-04-09\.m2\repository\com\fasterxml\jackson\core\jackson-annotations\2.9.0\jackson-annotations-2.9.0.jar;C:\Users\80010-04-09\.m2\repository\com\fasterxml\jackson\core\jackson-core\2.9.8\jackson-core-2.9.8.jar;C:\Users\80010-04-09\.m2\repository\com\google\code\gson\gson\2.6.2\gson-2.6.2.jar;"/>
    <property name="sun.cpu.endian" value="little"/>
    <property name="user.home" value="C:\Users\80010-04-09"/>
    <property name="user.language" value="fr"/>
    <property name="java.specification.vendor" value="Oracle Corporation"/>
    <property name="java.version.date" value="2020-01-14"/>
    <property name="java.home" value="C:\Program Files\AdoptOpenJDK\jdk-11.0.6.10-hotspot"/>
    <property name="file.separator" value="\"/>
    <property name="basedir" value="C:\Users\80010-04-09\Documents\NetBeansProjects\Village_Green"/>
    <property name="java.vm.compressedOopsMode" value="Zero based"/>
    <property name="line.separator" value="&#10;"/>
    <property name="java.specification.name" value="Java Platform API Specification"/>
    <property name="java.vm.specification.vendor" value="Oracle Corporation"/>
    <property name="java.awt.graphicsenv" value="sun.awt.Win32GraphicsEnvironment"/>
    <property name="surefire.real.class.path" value="C:\Users\80010-~1\AppData\Local\Temp\surefire16057101341494626491\surefirebooter9121397268653997645.jar"/>
    <property name="user.script" value=""/>
    <property name="sun.management.compiler" value="HotSpot 64-Bit Tiered Compilers"/>
    <property name="java.runtime.version" value="11.0.6+10"/>
    <property name="user.name" value="80010-04-09"/>
    <property name="path.separator" value=";"/>
    <property name="os.version" value="10.0"/>
    <property name="java.runtime.name" value="OpenJDK Runtime Environment"/>
    <property name="file.encoding" value="UTF-8"/>
    <property name="java.vm.name" value="OpenJDK 64-Bit Server VM"/>
    <property name="java.vendor.version" value="AdoptOpenJDK"/>
    <property name="maven.ext.class.path" value="C:\Program Files\NetBeans-11.2\netbeans\java\maven-nblib\netbeans-eventspy.jar"/>
    <property name="localRepository" value="C:\Users\80010-04-09\.m2\repository"/>
    <property name="java.vendor.url.bug" value="https://github.com/AdoptOpenJDK/openjdk-support/issues"/>
    <property name="java.io.tmpdir" value="C:\Users\80010-~1\AppData\Local\Temp\"/>
    <property name="java.version" value="11.0.6"/>
    <property name="user.dir" value="C:\Users\80010-04-09\Documents\NetBeansProjects\Village_Green"/>
    <property name="os.arch" value="amd64"/>
    <property name="java.vm.specification.name" value="Java Virtual Machine Specification"/>
    <property name="java.awt.printerjob" value="sun.awt.windows.WPrinterJob"/>
    <property name="sun.os.patch.level" value=""/>
    <property name="java.library.path" value="C:\Program Files\AdoptOpenJDK\jdk-11.0.6.10-hotspot\bin;C:\Windows\Sun\Java\bin;C:\Windows\system32;C:\Windows;C:\Program Files\AdoptOpenJDK\jdk-11.0.6.10-hotspot\bin;C:\Windows\system32;C:\Windows;C:\Windows\System32\Wbem;C:\Windows\System32\WindowsPowerShell\v1.0\;C:\Windows\System32\OpenSSH\;C:\Program Files\Git\cmd;C:\Users\80010-04-09\AppData\Local\Microsoft\WindowsApps;C:\Users\80010-04-09\AppData\Local\atom\bin;C:\Users\80010-04-09\AppData\Local\Programs\Microsoft VS Code\bin;."/>
    <property name="java.vendor" value="AdoptOpenJDK"/>
    <property name="java.vm.info" value="mixed mode"/>
    <property name="java.vm.version" value="11.0.6+10"/>
    <property name="sun.io.unicode.encoding" value="UnicodeLittle"/>
    <property name="java.class.version" value="55.0"/>
  </properties>
  <testcase name="Insert_cas1 on Insert_cas1(DAL.ProduitDAOTest)" classname="DAL.ProduitDAOTest" time="0.011">
    <failure message="Not supported yet." type="java.lang.UnsupportedOperationException">java.lang.UnsupportedOperationException: Not supported yet.
	at DAL.ProduitDAOTest.Insert_cas1(ProduitDAOTest.java:36)
</failure>
  </testcase>
</testsuite>