<?xml version="1.0" encoding="UTF-8"?>
<!-- Generated by org.testng.reporters.JUnitReportReporter -->
<testsuite hostname="STA7401298" failures="0" tests="3" name="DAL.ClientDAOTest" time="0.239" errors="0" timestamp="24 Feb 2020 15:13:14 GMT">
  <testcase classname="DAL.ClientDAOTest" name="Insert_cas1" time="0.016"/>
  <testcase classname="DAL.ClientDAOTest" name="Insert_cas3" time="0.207"/>
  <testcase classname="DAL.ClientDAOTest" name="Insert_cas2" time="0.016"/>
</testsuite> <!-- DAL.ClientDAOTest -->
